SF:lib/features/registration/studio_registration.dart
DA:8,1
DA:10,1
DA:13,1
DA:15,1
DA:17,1
DA:21,1
DA:22,1
DA:23,1
DA:25,1
DA:26,1
DA:29,1
DA:30,1
DA:38,1
DA:46,1
DA:55,1
DA:58,3
DA:59,3
DA:62,1
DA:63,1
DA:69,1
DA:70,1
DA:75,2
DA:108,1
DA:113,2
DA:114,0
DA:115,0
LF:26
LH:24
end_of_record
SF:lib/commons/widgets/buttons/loading_state_notifier.dart
DA:3,2
DA:4,1
DA:5,2
DA:8,3
DA:10,0
DA:11,0
LF:6
LH:4
end_of_record
SF:lib/commons/widgets/buttons/regular_button.dart
DA:17,1
DA:29,1
DA:32,4
DA:33,1
DA:36,1
DA:37,1
DA:38,1
DA:39,1
DA:40,3
DA:44,1
DA:46,1
DA:47,1
DA:48,1
DA:50,0
DA:51,0
DA:52,0
DA:54,1
DA:55,1
DA:56,2
DA:57,0
DA:62,1
DA:64,0
DA:65,0
DA:66,0
DA:67,0
DA:68,0
DA:72,1
DA:74,1
DA:75,1
DA:76,1
DA:78,1
DA:81,1
DA:85,1
DA:86,0
DA:88,0
DA:93,2
DA:94,0
LF:37
LH:25
end_of_record
SF:lib/commons/widgets/textfields/regular_textfield.dart
DA:13,1
DA:25,1
DA:27,1
DA:30,1
DA:31,1
DA:32,1
DA:33,1
DA:36,1
DA:37,1
DA:38,1
DA:39,1
DA:40,1
DA:42,1
DA:44,1
DA:46,1
DA:47,1
DA:48,1
DA:49,3
DA:52,1
DA:53,1
DA:54,1
DA:55,1
DA:56,1
DA:57,1
DA:58,1
DA:61,1
DA:63,3
DA:65,1
DA:66,1
DA:68,1
DA:69,1
DA:71,3
DA:76,1
DA:77,0
DA:78,0
DA:79,0
DA:81,0
LF:37
LH:33
end_of_record
