SF:lib/features/registration/studio_registration.dart
DA:9,1
DA:11,1
DA:14,1
DA:16,1
DA:18,1
DA:22,1
DA:23,1
DA:24,1
DA:26,1
DA:27,1
DA:30,1
DA:31,1
DA:39,1
DA:47,1
DA:56,1
DA:60,3
DA:61,3
DA:64,1
DA:65,1
DA:71,1
DA:72,1
DA:77,2
DA:110,1
DA:115,2
DA:116,0
DA:117,0
LF:26
LH:24
end_of_record
SF:lib/commons/widgets/buttons/loading_state_notifier.dart
DA:3,2
DA:4,1
DA:5,2
DA:8,3
DA:10,0
DA:11,0
LF:6
LH:4
end_of_record
SF:lib/commons/widgets/buttons/regular_button.dart
DA:20,1
DA:34,1
DA:37,4
DA:38,1
DA:40,1
DA:41,1
DA:42,1
DA:43,1
DA:44,1
DA:45,0
DA:46,0
DA:50,1
DA:52,1
DA:53,1
DA:54,1
DA:56,0
DA:57,0
DA:58,0
DA:60,1
DA:61,1
DA:62,2
DA:63,0
DA:68,1
DA:70,0
DA:71,0
DA:72,0
DA:73,0
DA:74,0
DA:78,1
DA:80,1
DA:81,1
DA:82,1
DA:84,1
DA:87,1
DA:91,1
DA:92,0
DA:94,0
DA:99,2
DA:100,0
LF:39
LH:25
end_of_record
SF:lib/commons/widgets/textfields/regular_textfield.dart
DA:13,1
DA:25,1
DA:27,1
DA:30,1
DA:31,1
DA:32,1
DA:33,1
DA:36,1
DA:37,1
DA:38,1
DA:39,1
DA:40,1
DA:42,1
DA:44,1
DA:46,1
DA:47,1
DA:48,1
DA:49,3
DA:52,1
DA:53,1
DA:54,1
DA:55,1
DA:56,1
DA:57,1
DA:58,1
DA:61,1
DA:63,3
DA:65,1
DA:66,1
DA:68,1
DA:69,1
DA:71,3
DA:76,1
DA:77,0
DA:78,0
DA:79,0
DA:81,0
LF:37
LH:33
end_of_record
